<?xml version="1.0" encoding="UTF-8"?>
<!-- Generated by org.testng.reporters.JUnitReportReporter -->
<testsuite skipped="0" hostname="CHD118182" name="VisualTest.VisualTest.AppTest" tests="1" failures="0" timestamp="05 Oct 2018 08:04:29 GMT" time="12.498" errors="0">
  <testcase name="Applitest" time="12.498" classname="VisualTest.VisualTest.AppTest"/>
</testsuite> <!-- VisualTest.VisualTest.AppTest -->
